#auto generated file!
180.0;160;294;346
186.0;164;298;338
192.0;169;299;332
198.0;171;296;333
204.0;175;294;331
210.0;172;296;332
216.0;172;292;336
222.0;171;298;331
228.0;174;302;324
234.0;176;306;318
240.0;176;308;316
246.0;177;309;314
252.0;179;302;319
258.0;178;302;320
264.0;182;301;317
270.0;183;301;316
276.0;183;306;311
282.0;183;309;308
288.0;184;308;308
294.0;190;303;307
300.0;189;306;305
306.0;186;304;310
312.0;191;305;304
318.0;190;314;296
324.0;193;315;292
330.0;192;317;291
336.0;196;319;285
342.0;198;322;280
348.0;197;328;275
354.0;202;332;266
360.0;205;332;263
366.0;205;331;264
372.0;204;329;267
378.0;208;331;261
384.0;212;326;262
390.0;216;318;266
396.0;220;317;263
402.0;222;314;264
408.0;225;310;265
414.0;225;308;267
420.0;225;307;268
426.0;225;310;265
432.0;225;313;262
438.0;221;318;261
444.0;220;316;264
450.0;219;319;262
456.0;216;322;262
462.0;214;316;270
468.0;216;322;262
474.0;219;318;263
480.0;223;315;262
486.0;220;316;264
492.0;220;315;265
498.0;226;309;265
504.0;226;305;269
510.0;229;305;266
516.0;228;306;266
522.0;231;305;264
528.0;231;307;262
534.0;229;314;257
540.0;232;311;257
546.0;233;314;253
552.0;231;311;258
558.0;232;313;255
564.0;229;317;254
570.0;231;313;256
576.0;237;305;258
582.0;240;306;254
588.0;243;308;249
594.0;247;310;243
600.0;245;307;248
606.0;246;311;243
612.0;250;308;242
618.0;248;308;244
624.0;248;305;247
630.0;245;304;251
636.0;245;301;254
642.0;244;303;253
648.0;243;303;254
654.0;246;302;252
660.0;248;297;255
666.0;249;298;253
672.0;247;297;256
678.0;243;300;257
684.0;243;299;258
690.0;246;299;255
696.0;242;300;258
702.0;243;303;254
708.0;244;306;250
714.0;246;305;249
720.0;247;304;249
726.0;245;306;249
732.0;248;305;247
738.0;248;307;245
744.0;247;306;247
750.0;244;310;246
756.0;246;304;250
762.0;249;307;244
768.0;250;311;239
774.0;250;312;238
780.0;249;309;242
786.0;251;308;241
792.0;248;309;243
798.0;247;313;240
804.0;248;310;242
810.0;251;310;239
816.0;253;309;238
822.0;254;305;241
828.0;254;306;240
834.0;255;305;240
840.0;257;305;238
846.0;256;303;241
852.0;257;303;240
858.0;255;306;239
864.0;257;308;235
870.0;258;307;235
876.0;256;314;230
882.0;257;315;228
888.0;255;320;225
894.0;252;324;224
900.0;246;326;228
906.0;244;329;227
912.0;245;332;223
918.0;244;331;225
924.0;244;331;225
930.0;243;334;223
936.0;247;333;220
942.0;247;328;225
948.0;247;330;223
954.0;247;329;224
960.0;248;332;220
966.0;249;330;221
972.0;250;329;221
978.0;250;330;220
984.0;252;320;228
990.0;254;316;230
996.0;252;318;230
1002.0;250;322;228
1008.0;248;325;227
1014.0;246;326;228
1020.0;247;323;230
1026.0;247;318;235
1032.0;248;317;235
1038.0;253;318;229
1044.0;251;321;228
1050.0;256;320;224
1056.0;254;326;220
1062.0;255;329;216
1068.0;254;327;219
1074.0;254;323;223
1080.0;255;319;226
1086.0;255;318;227
1092.0;254;320;226
1098.0;253;322;225
1104.0;257;316;227
1110.0;255;322;223
1116.0;250;328;222
1122.0;248;331;221
1128.0;247;328;225
1134.0;245;328;227
1140.0;244;329;227
1146.0;244;329;227
1152.0;244;330;226
1158.0;243;326;231
1164.0;245;325;230
1170.0;247;326;227
1176.0;247;323;230
1182.0;247;316;237
1188.0;248;314;238
1194.0;245;313;242
1200.0;243;313;244
1206.0;246;312;242
1212.0;245;311;244
1218.0;243;311;246
1224.0;247;306;247
1230.0;244;305;251
1236.0;249;303;248
1242.0;252;301;247
1248.0;248;299;253
1254.0;254;299;247
1260.0;254;295;251
1266.0;254;289;257
1272.0;251;294;255
1278.0;253;296;251
1284.0;251;301;248
1290.0;249;301;250
1296.0;247;304;249
1302.0;249;304;247
1308.0;246;307;247
1314.0;243;310;247
1320.0;245;314;241
1326.0;243;318;239
1332.0;243;316;241
1338.0;245;318;237
1344.0;242;322;236
1350.0;244;322;234
1356.0;240;324;236
1362.0;246;319;235
1368.0;246;317;237
1374.0;248;315;237
1380.0;252;313;235
1386.0;254;312;234
1392.0;256;305;239
1398.0;256;300;244
1404.0;254;297;249
1410.0;253;298;249
1416.0;255;295;250
1422.0;255;297;248
1428.0;257;289;254
1434.0;258;288;254
1440.0;262;286;252
1446.0;262;284;254
1452.0;263;289;248
1458.0;259;296;245
1464.0;256;300;244
1470.0;261;299;240
1476.0;260;301;239
1482.0;258;301;241
1488.0;258;301;241
1494.0;259;302;239
1500.0;257;303;240
1506.0;259;302;239
1512.0;258;298;244
1518.0;257;297;246
1524.0;258;300;242
1530.0;261;298;241
1536.0;260;295;245
1542.0;261;295;244
1548.0;260;294;246
1554.0;260;294;246
1560.0;258;296;246
1566.0;261;291;248
1572.0;263;288;249
1578.0;260;289;251
1584.0;260;286;254
1590.0;260;283;257
1596.0;259;282;259
1602.0;258;286;256
1608.0;261;288;251
1614.0;264;286;250
1620.0;263;288;249
1626.0;262;289;249
1632.0;264;283;253
1638.0;264;284;252
1644.0;264;281;255
1650.0;264;278;258
1656.0;265;276;259
1662.0;266;272;262
1668.0;262;275;263
1674.0;263;271;266
1680.0;265;270;265
1686.0;262;273;265
1692.0;262;274;264
1698.0;261;273;266
1704.0;261;277;262
1710.0;258;280;262
1716.0;260;283;257
1722.0;260;282;258
1728.0;259;286;255
1734.0;261;285;254
1740.0;259;290;251
1746.0;255;291;254
1752.0;256;295;249
1758.0;255;296;249
1764.0;257;297;246
1770.0;256;299;245
1776.0;254;301;245
1782.0;252;304;244
1788.0;254;302;244
1794.0;255;299;246
