#auto generated file!
180.0;183;346;371
186.0;192;339;369
192.0;192;339;369
198.0;193;350;357
204.0;194;353;353
210.0;197;358;345
216.0;202;356;342
222.0;204;357;339
228.0;202;358;340
234.0;205;357;338
240.0;205;359;336
246.0;202;358;340
252.0;206;360;334
258.0;211;359;330
264.0;211;366;323
270.0;215;363;322
276.0;216;364;320
282.0;220;364;316
288.0;221;373;306
294.0;221;371;308
300.0;222;369;309
306.0;224;371;305
312.0;225;361;314
318.0;227;361;312
324.0;233;361;306
330.0;232;356;312
336.0;235;352;313
342.0;234;351;315
348.0;238;350;312
354.0;239;354;307
360.0;245;356;299
366.0;247;358;295
372.0;248;358;294
378.0;250;355;295
384.0;246;358;296
390.0;247;358;295
396.0;250;356;294
402.0;249;361;290
408.0;247;357;296
414.0;245;357;298
420.0;247;361;292
426.0;246;365;289
432.0;241;371;288
438.0;243;372;285
444.0;245;370;285
450.0;242;370;288
456.0;245;368;287
462.0;247;364;289
468.0;244;366;290
474.0;247;365;288
480.0;245;367;288
486.0;249;368;283
492.0;250;364;286
498.0;249;363;288
504.0;247;369;284
510.0;251;375;274
516.0;255;375;270
522.0;255;377;268
528.0;256;376;268
534.0;255;377;268
540.0;258;373;269
546.0;258;372;270
552.0;260;375;265
558.0;258;381;261
564.0;257;379;264
570.0;262;378;260
576.0;263;375;262
582.0;263;378;259
588.0;267;375;258
594.0;266;375;259
600.0;261;374;265
606.0;262;378;260
612.0;262;379;259
618.0;264;374;262
624.0;264;374;262
630.0;264;372;264
636.0;266;371;263
642.0;268;370;262
648.0;273;363;264
654.0;269;368;263
660.0;272;364;264
666.0;271;361;268
672.0;275;358;267
678.0;276;358;266
684.0;275;357;268
690.0;276;353;271
696.0;274;363;263
702.0;274;365;261
708.0;273;363;264
714.0;274;364;262
720.0;276;365;259
726.0;274;371;255
732.0;274;370;256
738.0;274;367;259
744.0;274;366;260
750.0;269;359;272
756.0;272;357;271
762.0;272;361;267
768.0;273;363;264
774.0;274;360;266
780.0;272;361;267
786.0;271;360;269
792.0;271;356;273
798.0;270;357;273
804.0;268;354;278
810.0;268;355;277
816.0;270;351;279
822.0;269;350;281
828.0;276;344;280
834.0;282;345;273
840.0;280;340;280
846.0;277;343;280
852.0;277;341;282
858.0;275;343;282
864.0;275;348;277
870.0;279;348;273
876.0;279;345;276
882.0;275;347;278
888.0;276;344;280
894.0;276;340;284
900.0;274;340;286
906.0;272;342;286
912.0;279;342;279
918.0;280;345;275
924.0;283;344;273
930.0;286;342;272
936.0;280;346;274
942.0;279;344;277
948.0;281;344;275
954.0;281;346;273
960.0;280;348;272
966.0;281;349;270
972.0;281;342;277
978.0;282;341;277
984.0;287;336;277
990.0;291;330;279
996.0;295;329;276
1002.0;295;332;273
1008.0;298;330;272
1014.0;297;328;275
1020.0;298;329;273
1026.0;300;334;266
1032.0;301;335;264
1038.0;304;331;265
1044.0;306;325;269
1050.0;302;327;271
1056.0;299;326;275
1062.0;303;324;273
1068.0;303;330;267
1074.0;299;335;266
1080.0;300;332;268
1086.0;301;335;264
1092.0;302;333;265
1098.0;300;331;269
1104.0;301;333;266
1110.0;301;329;270
1116.0;301;330;269
1122.0;302;329;269
1128.0;300;332;268
1134.0;299;334;267
1140.0;300;335;265
1146.0;304;334;262
1152.0;301;335;264
1158.0;299;335;266
1164.0;294;335;271
1170.0;295;336;269
1176.0;294;338;268
1182.0;293;335;272
1188.0;292;339;269
1194.0;290;341;269
1200.0;290;341;269
1206.0;291;341;268
1212.0;295;349;256
1218.0;292;353;255
1224.0;292;349;259
1230.0;290;353;257
1236.0;291;351;258
1242.0;292;354;254
1248.0;293;351;256
1254.0;292;350;258
1260.0;290;354;256
1266.0;289;354;257
1272.0;290;354;256
1278.0;292;354;254
1284.0;288;357;255
1290.0;286;361;253
1296.0;283;358;259
1302.0;286;357;257
1308.0;288;352;260
1314.0;287;352;261
1320.0;284;353;263
1326.0;280;350;270
1332.0;277;352;271
1338.0;275;352;273
1344.0;278;350;272
1350.0;277;344;279
1356.0;279;344;277
1362.0;282;344;274
1368.0;286;347;267
1374.0;283;342;275
1380.0;285;340;275
1386.0;287;343;270
1392.0;285;342;273
1398.0;288;338;274
1404.0;287;336;277
1410.0;292;336;272
1416.0;292;338;270
1422.0;290;338;272
1428.0;295;336;269
1434.0;295;333;272
1440.0;301;335;264
1446.0;301;332;267
1452.0;299;333;268
1458.0;296;331;273
1464.0;293;333;274
1470.0;290;337;273
1476.0;292;337;271
1482.0;293;334;273
1488.0;296;335;269
1494.0;294;341;265
1500.0;297;338;265
1506.0;295;341;264
1512.0;299;336;265
1518.0;298;337;265
1524.0;301;337;262
1530.0;301;336;263
1536.0;305;337;258
1542.0;302;331;267
1548.0;305;328;267
1554.0;306;327;267
1560.0;309;330;261
1566.0;311;326;263
1572.0;313;322;265
1578.0;313;327;260
1584.0;311;324;265
1590.0;309;328;263
1596.0;310;324;266
1602.0;308;332;260
1608.0;306;335;259
1614.0;308;333;259
1620.0;307;333;260
1626.0;307;322;271
1632.0;307;318;275
1638.0;307;313;280
1644.0;312;313;275
1650.0;307;315;278
1656.0;304;321;275
1662.0;308;319;273
1668.0;309;320;271
1674.0;308;318;274
1680.0;310;317;273
1686.0;314;318;268
1692.0;313;313;274
1698.0;314;317;269
1704.0;314;320;266
1710.0;316;315;269
1716.0;312;317;271
1722.0;313;313;274
1728.0;312;310;278
1734.0;312;310;278
1740.0;311;309;280
1746.0;309;311;280
1752.0;308;308;284
1758.0;310;317;273
1764.0;312;315;273
1770.0;312;312;276
1776.0;308;308;284
1782.0;314;306;280
1788.0;314;312;274
1794.0;314;311;275
