#auto generated file!
180.0;224;372;404
186.0;226;365;409
192.0;228;367;405
198.0;228;369;403
204.0;229;373;398
210.0;231;372;397
216.0;235;365;400
222.0;234;368;398
228.0;241;371;388
234.0;239;375;386
240.0;238;381;381
246.0;238;387;375
252.0;239;389;372
258.0;242;387;371
264.0;245;380;375
270.0;251;380;369
276.0;252;383;365
282.0;251;385;364
288.0;252;386;362
294.0;254;388;358
300.0;255;395;350
306.0;256;399;345
312.0;259;402;339
318.0;262;399;339
324.0;263;400;337
330.0;264;404;332
336.0;265;407;328
342.0;268;406;326
348.0;268;408;324
354.0;269;404;327
360.0;272;404;324
366.0;274;394;332
372.0;270;397;333
378.0;271;399;330
384.0;275;398;327
390.0;279;402;319
396.0;279;397;324
402.0;280;394;326
408.0;280;393;327
414.0;281;390;329
420.0;284;387;329
426.0;287;390;323
432.0;288;395;317
438.0;291;390;319
444.0;292;398;310
450.0;297;397;306
456.0;294;393;313
462.0;298;394;308
468.0;293;393;314
474.0;295;394;311
480.0;295;389;316
486.0;298;386;316
492.0;303;381;316
498.0;302;383;315
504.0;302;384;314
510.0;299;387;314
516.0;299;384;317
522.0;297;381;322
528.0;294;382;324
534.0;296;387;317
540.0;295;388;317
546.0;296;391;313
552.0;298;390;312
558.0;301;388;311
564.0;300;396;304
570.0;299;396;305
576.0;298;395;307
582.0;294;389;317
588.0;297;388;315
594.0;297;385;318
600.0;297;384;319
606.0;302;380;318
612.0;299;378;323
618.0;299;376;325
624.0;302;373;325
630.0;299;378;323
636.0;293;381;326
642.0;297;376;327
648.0;298;375;327
654.0;293;384;323
660.0;292;383;325
666.0;293;387;320
672.0;296;387;317
678.0;295;384;321
684.0;298;388;314
690.0;296;390;314
696.0;296;387;317
702.0;294;383;323
708.0;295;379;326
714.0;293;381;326
720.0;295;385;320
726.0;295;388;317
732.0;301;386;313
738.0;301;379;320
744.0;300;379;321
750.0;304;383;313
756.0;302;387;311
762.0;302;390;308
768.0;303;387;310
774.0;300;376;324
780.0;297;379;324
786.0;295;378;327
792.0;298;376;326
798.0;300;375;325
804.0;299;374;327
810.0;297;373;330
816.0;298;373;329
822.0;296;374;330
828.0;295;377;328
834.0;296;375;329
840.0;293;376;331
846.0;293;376;331
852.0;292;382;326
858.0;291;382;327
864.0;293;382;325
870.0;296;383;321
876.0;297;383;320
882.0;293;392;315
888.0;294;394;312
894.0;297;392;311
900.0;301;387;312
906.0;305;393;302
912.0;305;388;307
918.0;310;386;304
924.0;310;386;304
930.0;308;391;301
936.0;309;394;297
942.0;308;395;297
948.0;308;394;298
954.0;307;396;297
960.0;308;396;296
966.0;306;398;296
972.0;303;397;300
978.0;307;395;298
984.0;304;397;299
990.0;304;399;297
996.0;307;398;295
1002.0;308;399;293
1008.0;304;406;290
1014.0;307;402;291
1020.0;306;404;290
1026.0;308;404;288
1032.0;307;402;291
1038.0;309;401;290
1044.0;307;403;290
1050.0;310;404;286
1056.0;314;397;289
1062.0;316;394;290
1068.0;319;391;290
1074.0;315;395;290
1080.0;316;393;291
1086.0;319;390;291
1092.0;322;392;286
1098.0;322;388;290
1104.0;325;384;291
1110.0;323;384;293
1116.0;321;383;296
1122.0;327;380;293
1128.0;326;384;290
1134.0;328;391;281
1140.0;321;395;284
1146.0;322;387;291
1152.0;324;388;288
1158.0;328;379;293
1164.0;327;381;292
1170.0;327;385;288
1176.0;326;384;290
1182.0;323;375;302
1188.0;323;379;298
1194.0;320;379;301
1200.0;319;377;304
1206.0;318;378;304
1212.0;319;375;306
1218.0;320;371;309
1224.0;322;370;308
1230.0;321;373;306
1236.0;322;380;298
1242.0;318;384;298
1248.0;320;378;302
1254.0;323;376;301
1260.0;324;377;299
1266.0;323;381;296
1272.0;323;378;299
1278.0;322;378;300
1284.0;323;377;300
1290.0;327;373;300
1296.0;326;372;302
1302.0;325;371;304
1308.0;324;371;305
1314.0;324;372;304
1320.0;320;369;311
1326.0;319;372;309
1332.0;316;368;316
1338.0;318;361;321
1344.0;320;360;320
1350.0;318;362;320
1356.0;328;356;316
1362.0;329;352;319
1368.0;327;357;316
1374.0;326;357;317
1380.0;322;358;320
1386.0;325;360;315
1392.0;325;358;317
1398.0;327;360;313
1404.0;332;361;307
1410.0;330;364;306
1416.0;328;364;308
1422.0;327;372;301
1428.0;330;374;296
1434.0;328;373;299
1440.0;328;377;295
1446.0;328;372;300
1452.0;334;366;300
1458.0;338;365;297
1464.0;338;357;305
1470.0;337;354;309
1476.0;331;356;313
1482.0;332;360;308
1488.0;329;362;309
1494.0;327;357;316
1500.0;333;355;312
1506.0;332;359;309
1512.0;333;356;311
1518.0;333;350;317
1524.0;328;353;319
1530.0;327;350;323
1536.0;328;352;320
1542.0;326;351;323
1548.0;327;349;324
1554.0;326;347;327
1560.0;326;351;323
1566.0;325;354;321
1572.0;326;356;318
1578.0;327;356;317
1584.0;328;358;314
1590.0;330;360;310
1596.0;328;359;313
1602.0;330;358;312
1608.0;327;360;313
1614.0;325;360;315
1620.0;322;370;308
1626.0;323;369;308
1632.0;321;371;308
1638.0;319;372;309
1644.0;318;367;315
1650.0;320;368;312
1656.0;320;370;310
1662.0;320;365;315
1668.0;320;367;313
1674.0;321;369;310
1680.0;323;365;312
1686.0;325;361;314
1692.0;325;357;318
1698.0;320;359;321
1704.0;322;358;320
1710.0;321;357;322
1716.0;328;357;315
1722.0;330;356;314
1728.0;328;355;317
1734.0;329;355;316
1740.0;328;352;320
1746.0;329;352;319
1752.0;328;355;317
1758.0;331;356;313
1764.0;328;358;314
1770.0;331;356;313
1776.0;328;357;315
1782.0;327;358;315
1788.0;328;360;312
1794.0;325;361;314
