#auto generated file!
1894;8;3;7;1;2;5436;61;204;182.7580966119681;190.58937295267563;4
1994;18;13;27;1;0;533;2903;6;194.2068887125755;194.7522117129582;4
2322;0;0;0;1;0;2461;40;10;216.71786172868894;216.7306820902662;1
2325;14;9;19;1;0;4121;1036;30;217.30087022930428;222.13376256263558;4
2353;0;0;0;1;0;984;655;18;219.93929324079733;219.9520832371195;1
2355;0;0;0;1;0;5440;1648;19;220.2880318211073;220.30082181742947;1
2387;0;0;0;1;0;6274;156;80;223.28397322857396;223.29676322489613;1
2393;0;0;0;1;0;969;525;40;223.9595571926319;223.97208023941687;1
2397;0;0;0;1;0;2062;1500;9;224.26606393549966;224.27858698228462;1
2399;0;0;0;1;0;4306;784;60;224.41314021152698;224.42566325831194;1
2402;0;0;0;1;0;558;1537;7;224.61990187298198;224.63242491976695;1
2409;0;0;0;1;0;1892;111;11;225.12483836668437;225.13736141346934;1
2415;0;0;0;1;0;871;1119;69;225.57874955099768;225.59127259778265;1
2426;6;1;2;1;0;7079;2265;21;226.68779517491677;237.01321019291365;4
2458;0;0;0;1;0;819;2246;18;229.82905264139185;229.84160479766578;1
2459;0;0;0;1;0;17;1175;4;229.84362579745232;229.85617795372625;1
2462;0;0;0;1;0;2548;2428;2;230.06595659801866;230.07850875429259;1
2477;0;0;0;1;0;1628;848;22;231.03134967051835;231.04413966684052;1
2511;11;6;13;1;0;845;806;1;234.37103693975516;235.31527571185157;4
2516;0;0;0;1;0;1127;130;6;234.83934536605466;234.85213536237683;1
2789;15;10;20;1;0;1248;2875;17;260.884610304714;262.1564419160664;4
2952;15;10;21;1;0;5938;769;26;271.623590559382;277.72388737016826;4
2955;15;10;20;1;0;4264;756;25;271.79105463332;276.05788737016826;4
2968;18;13;26;1;0;1354;79;34;273.0553506537352;274.42170183998326;4
3026;5;0;0;1;0;2062;2399;42;278.18658371329246;281.4893305348615;4
3030;0;0;0;1;0;3251;1819;1;278.5918732412325;278.6046936028098;1
3122;0;0;0;1;2;14046;3664;243;288.0466609199463;288.0593012223598;1
3129;0;0;0;1;0;558;680;8;288.399171065904;288.4118113683175;1
3244;18;13;27;1;0;14814;3666;75;299.1458136399521;313.97140553240735;4
3286;0;0;0;1;2;6337;1669;451;302.0775351453108;302.0902949198793;1
3302;14;9;19;1;0;1003;1189;26;303.7655128351475;304.78065924683824;4
3303;0;0;0;1;0;3485;766;2;303.808556257452;303.8213160320205;1
3309;14;9;18;1;0;1169;754;15;304.07733624645556;305.25865924683825;4
3365;0;0;0;1;0;1471;998;16;309.99674361567924;310.0095944870375;1
3370;11;6;13;1;0;6735;870;1;310.76105640560206;317.5078805362116;4
3395;16;11;22;1;2;2265;2118;689;314.2518754577835;316.5293406887645;4
3608;12;7;14;1;3;2875;24;1082;329.36813451948655;332.25534605119526;4
3671;9;4;8;1;0;6467;5255;35;333.8673481500023;340.7354939361172;4
3921;0;0;0;1;0;3626;1016;1;357.39006917416293;357.4030435507392;1
3922;0;0;0;1;0;3078;322;2;357.40396866233283;357.4169430389091;1
3924;0;0;0;1;0;504;1303;1;357.4403422964738;357.45331667305004;1
3927;0;0;0;1;0;122;618;105;357.6673520241844;357.6803264007607;1
3960;0;0;0;1;0;1159;2286;3;360.7193132829568;360.7322876595331;1
4057;0;0;0;1;0;1191;2099;4;370.98928909803146;371.00226347460773;1
4198;0;0;0;1;3;447;23;1365;382.6339398121156;382.6469141886919;1
4200;0;0;0;1;0;636;550;3;382.71959391735095;382.7325682939272;1
4201;0;0;0;1;0;3783;734;20;382.73020696906053;382.7431813456368;1
4205;0;0;0;1;0;1569;316;20;382.8416880820282;382.8546624586045;1
4206;0;0;0;1;3;4709;5;185;382.85710173118747;382.87007610776374;1
4213;0;0;0;1;0;185;778;46;383.2094947246081;383.22246910118434;1
4214;0;0;0;1;0;6371;1334;33;383.2271115024535;383.2400858790298;1
4218;0;0;0;1;0;1604;1644;67;383.4192749951031;383.43224937167935;1
4219;0;0;0;1;3;188;18;1064;383.46556882254686;383.4785431991231;1
4498;12;7;15;1;0;464;4589;21;410.11796870786947;410.5942636507363;4
4569;0;0;0;1;0;744;61;1;415.40208712891837;415.4150304071676;1
4573;0;0;0;1;0;1976;4775;14;415.79659027716195;415.8095335554112;1
4574;0;0;0;1;0;108;2204;8;415.8503393879291;415.86328266617835;1
4607;0;0;0;1;0;1310;1027;2;418.3825348226671;418.39541634936654;1
4612;0;0;0;1;0;6078;1506;27;418.89017584380275;418.9030573705022;1
4613;0;0;0;1;0;1967;1003;20;419.0455936324832;419.05856800905946;1
4616;0;0;0;1;0;704;732;13;419.6582638509192;419.67123822749545;1
4618;0;0;0;1;0;1614;443;15;419.836801294908;419.8497756714843;1
4623;0;0;0;1;0;1133;876;42;420.0148656432995;420.0278400198758;1
4651;0;0;0;1;0;1244;4904;29;424.48819669970646;424.50117107628273;1
4654;0;0;0;1;0;188;2691;4;424.5879578681168;424.60093224469307;1
4690;14;9;18;1;0;1616;972;50;429.2438692399518;432.41172953996835;4
4845;16;11;23;1;0;4610;1494;4;441.650995756935;447.68811139198834;4
4852;0;0;0;1;0;197;101;33;441.9714204376804;441.9844574613882;1
4853;0;0;0;1;0;8735;3147;47;442.0436046251942;442.056641648902;1
4855;0;0;0;1;0;1073;2117;37;442.0967709999306;442.1098080236384;1
4858;16;11;22;1;0;904;138;1;442.2893154539824;443.98082450865076;4
4878;0;0;0;1;0;313;470;182;443.615627158367;443.6286641820748;1
4890;5;0;1;1;0;2446;1101;7;443.99393429295117;449.6610880176649;4
4902;0;0;0;1;3;46;24;4418;444.605725641542;444.6187626652498;1
4907;0;0;0;1;3;2435;59;1153;444.78494555084563;444.79798257455343;1
4910;0;0;0;1;3;937;31;8966;444.92919864535776;444.94223566906555;1
4916;0;0;0;1;0;1823;2043;33;445.379648552669;445.3926855763768;1
4917;0;0;0;1;0;614;558;11;445.49417270503113;445.5072097287389;1
4924;0;0;0;1;0;1330;39;33;446.02634373405874;446.03938075776654;1
4936;8;3;6;1;3;739;6;1000;446.9904648846053;447.96221927865633;4
4941;5;0;0;1;0;9497;46;11;447.20271504860074;469.25461371436114;4
4943;0;0;0;1;0;5832;146;38;447.2234198881156;447.2364569118234;1
4944;0;0;0;1;0;1522;1819;9;447.30347075869565;447.31650778240345;1
4953;0;0;0;1;0;243;1424;41;448.10394610571063;448.11698312941843;1
4954;0;0;0;1;0;515;1618;6;448.1132272074057;448.1262642311135;1
4957;0;0;0;1;3;1922;27;5150;448.3722193761468;448.3852563998546;1
5021;0;0;0;1;0;849;4674;11;454.3588603186569;454.3718973423647;1
5029;0;0;0;1;0;1486;1293;57;455.0367653531861;455.0498023768939;1
5033;0;0;0;1;2;3078;1838;27;455.5721827023346;455.5852197260424;1
5037;0;0;0;1;3;575;8;627;456.1045185572624;456.1175555809702;1
5045;0;0;0;1;3;1247;8;1987;456.52795881958986;456.54099584329765;1
5050;0;0;0;1;3;430;115;902;456.9056136790112;456.918650702719;1
5055;0;0;0;1;0;169;361;26;457.4222688290795;457.4353058527873;1
5056;0;0;0;1;0;897;435;36;457.5706949867408;457.5837320104486;1
5059;0;0;0;1;0;193;1313;7;458.0255394653324;458.03857648904017;1
5064;0;0;0;1;0;1742;119;25;458.2310892057864;458.2441262294942;1
5075;0;0;0;1;0;4383;2279;14;459.59741628539973;459.6104533091075;1
5148;0;0;0;1;0;2939;671;102;468.0649477475488;468.07792212412505;1
5149;0;0;0;1;0;26;1708;15;468.09424951037767;468.10722388695393;1
5153;0;0;0;1;0;2958;2939;42;468.26843847724786;468.2814128538241;1
5163;15;10;21;1;0;6237;118;16;469.57989776088425;476.12218715411615;4
5183;0;0;0;1;0;819;1653;17;471.25507050075385;471.2680448773301;1
5184;0;0;0;1;0;981;2223;5;471.3522279197681;471.36520229634436;1
5187;0;0;0;1;0;612;262;22;471.45267764829583;471.4656520248721;1
5193;15;10;20;1;0;8;622;14;472.10294794472344;474.92377937560616;4
5202;0;0;0;1;0;2996;6113;18;473.0304184293489;473.0433928059252;1
5206;0;0;0;1;0;2252;3596;43;473.1698257397906;473.1828001163669;1
5207;0;0;0;1;0;249;1128;8;473.21542960249957;473.22840397907584;1
5208;0;0;0;1;0;63;2717;13;473.49249863692404;473.5054730135003;1
5292;0;0;0;1;0;357;227;1;481.144902033283;481.1578764098593;1
5295;0;0;0;1;0;3501;372;9;481.36893588288336;481.38191025945963;1
5299;0;0;0;1;0;3447;739;12;482.0082643988566;482.0212387754329;1
5300;0;0;0;1;0;914;492;11;482.0203260779887;482.033300454565;1
5380;0;0;0;1;0;452;1001;5;492.39749962759646;492.4104429058457;1
5381;0;0;0;1;0;2080;81;46;492.5864756330731;492.59941891132235;1
5395;0;0;0;1;0;74;1114;27;493.80403660712426;493.8169798853735;1
5403;0;0;0;1;0;5017;3274;104;494.3829368741956;494.3958801524448;1
5409;0;0;0;1;0;896;81;10;495.07240630543305;495.0853495836823;1
5415;0;0;0;1;0;39;1914;16;495.5979620754819;495.61090535373114;1
5417;0;0;0;1;0;1115;1763;14;495.70005077476435;495.7129940530136;1
5424;0;0;0;1;0;2319;1637;1;496.1758507612115;496.18879403946073;1
5467;0;0;0;1;0;3586;425;19;499.312661479063;499.32560475731225;1
5474;0;0;0;1;0;657;2680;15;499.6738313689969;499.6867746472461;1
5575;0;0;0;1;0;1343;194;7;505.7711004074415;505.7840747840178;1
5585;0;0;0;1;0;300;1344;3;506.4071176750025;506.4200609532517;1
5603;16;11;23;1;0;8517;2262;3;507.7439108128954;516.2727082817482;4
5772;0;0;0;1;0;2828;975;18;524.2776362348551;524.2905795131043;1
5776;0;0;0;1;0;2778;748;17;524.6077211920415;524.6206644702906;1
5779;0;0;0;1;0;7579;398;19;524.9799788651853;524.9929221434345;1
5785;0;0;0;1;0;1136;780;11;525.3995291846011;525.4124724628502;1
5814;0;0;0;1;0;2228;1052;3;528.5384132005292;528.5513564787784;1
5835;0;0;0;1;0;2947;1567;7;530.6392847598594;530.6522280381085;1
5841;0;0;0;1;0;221;1083;26;531.3744929951463;531.3874362733955;1
5849;0;0;0;1;0;1382;260;34;531.6046428139882;531.6175860922374;1
5903;0;0;0;1;0;3129;1236;59;536.2698263945227;536.2827387231678;1
5904;0;0;0;1;0;1395;1069;2;536.2737594128134;536.2866717414585;1
5913;14;9;19;1;0;4726;1907;4;537.4774182457968;542.2149654480169;4
5914;0;0;0;1;2;1742;1187;92;537.599835563193;537.612747891838;1
5924;0;0;0;1;0;4366;12;21;538.4439010623722;538.4568133910172;1
5937;0;0;0;1;0;1220;1954;13;539.3453584277008;539.35830170595;1
5949;0;0;0;1;0;4604;688;2;540.2760753858855;540.2890186641347;1
5951;0;0;0;1;0;3471;4374;18;540.368551758313;540.3814950365621;1
5980;0;0;0;1;0;1528;447;20;543.1614036199105;543.1739850213171;1
5982;12;7;15;1;0;5175;124;107;543.258137591062;548.4445018056787;4
5996;0;0;0;1;0;1016;1451;6;544.2973704443837;544.3099518457902;1
6005;0;0;0;1;0;5634;2692;12;544.7360007536312;544.7485821550378;1
6008;0;0;0;1;0;297;3100;4;545.0530378779954;545.065619279402;1
6031;0;0;0;1;0;1180;183;27;548.0744180246098;548.0869994260164;1
6032;0;0;0;1;0;1209;62;66;548.3460792573051;548.3586606587116;1
6034;0;0;0;1;0;2695;1233;9;548.4979681281981;548.5105495296046;1
6035;0;0;0;1;0;1639;3589;5;548.5514502765335;548.5640316779401;1
6086;0;0;0;1;0;710;769;36;553.4330687523961;553.4458891139734;1
6103;0;0;0;1;0;123;1816;1;554.9397254965404;554.9525458581177;1
6104;0;0;0;1;0;1497;189;4;554.9537871979562;554.9666075595335;1
6105;0;0;0;1;0;2500;2338;84;555.0028532683597;555.0156736299369;1
6108;0;0;0;1;0;743;1122;34;555.1500910976042;555.1629114591815;1
6113;0;0;0;1;0;1343;1436;10;555.7543966364141;555.7672169979913;1
6125;0;0;0;1;3;1544;4;4596;556.5296279328663;556.5424482944436;1
6128;0;0;0;1;0;4274;842;34;556.6819441669223;556.6947645284996;1
6590;0;0;0;1;2;3509;2582;72;596.0363781561331;596.0489889392665;1
6644;0;0;0;1;0;2563;3761;96;600.9575848460572;600.9701956291906;1
6650;0;0;0;1;0;1789;78;49;601.6218134648915;601.6344242480249;1
6685;11;6;13;1;0;4022;1061;5;605.4179527773446;609.4516381215276;4
6694;11;6;12;1;0;5514;809;1;606.10661158354;611.6322687362931;4
6820;9;4;9;1;0;3639;3267;36;619.2849249247389;623.4932186132025;4
6910;0;0;0;1;0;193;353;54;625.396419014046;625.4091787886146;1
6964;0;0;0;1;0;1922;2467;18;628.9830311790623;628.9956419621957;1
6966;0;0;0;1;3;31;35;195;629.132690954814;629.1453017379474;1
7051;0;0;0;1;0;1431;3314;10;637.7808735867848;637.793663583107;1
7075;0;0;0;1;0;220;9;37;639.7754359422188;639.788225938541;1
7077;0;0;0;1;0;2729;1057;17;640.1023499428757;640.1151399391979;1
7226;0;0;0;1;0;1716;2432;3;653.841257353075;653.8540473493972;1
7230;0;0;0;1;0;1226;1654;5;654.4592779903926;654.4720679867148;1
7232;0;0;0;1;0;1044;209;1;654.5401934811757;654.552983477498;1
7238;6;1;2;1;0;1368;790;81;655.0957779621776;657.1599309736539;4
7254;0;0;0;1;1;11;345;30;656.3072211078146;656.3200111041368;1
7492;0;0;0;1;0;119;653;7;680.0450372017477;680.057857563325;1
7497;0;0;0;1;0;1801;194;2;680.6635788548303;680.6763992164076;1
7505;0;0;0;1;0;265;266;7;681.3991064703129;681.4119268318901;1
7507;0;0;0;1;0;1271;1261;22;681.5547720381409;681.5675923997181;1
7780;0;0;0;1;0;421;81;18;704.5692116869599;704.5820320485371;1
7785;0;0;0;1;0;693;359;10;705.3022060612926;705.3150264228699;1
7797;0;0;0;1;0;8384;1263;2;705.8218109803297;705.8344512827432;1
7827;12;7;14;1;0;5832;2261;14;709.0554074185507;714.8989422502927;4
7842;0;0;0;1;0;4245;312;25;710.0089342915157;710.021754653093;1
7850;0;0;0;1;0;481;353;4;710.490682053476;710.5035024150533;1
7853;0;0;0;1;0;1240;416;11;710.5444868442073;710.5573072057846;1
7862;0;0;0;1;0;1814;2986;12;711.4386049128676;711.4512452152811;1
7865;0;0;0;1;0;2754;2341;147;711.9068894339127;711.9195297363262;1
7906;10;5;10;1;0;7185;2006;2;715.8540413881134;729.3848301644719;4
7939;0;0;0;1;0;3535;1243;9;717.9437545661297;717.9565445624519;1
7951;0;0;0;1;0;774;1258;4;718.7711979491993;718.7838382516128;1
7967;7;2;5;1;0;3346;161;49;720.7801423651283;724.1379561526916;4
7969;5;0;1;1;0;6576;1920;18;721.008217389427;733.8081706314956;4
8005;5;0;0;1;0;3545;1049;38;723.7419384979426;731.1772759490647;4
8006;0;0;0;1;0;377;2014;3;723.8464155029939;723.8592358645711;1
8011;0;0;0;1;0;4410;3297;3;724.3086621015643;724.3214824631416;1
8018;0;0;0;1;0;4697;1907;15;725.2339098721638;725.2467302337411;1
8029;0;0;0;1;0;2168;4355;4;726.1584383382798;726.171258699857;1
8031;0;0;0;1;0;1749;1683;8;726.3167528674873;726.3295732290645;1
8034;0;0;0;1;0;64;878;6;726.5851522840277;726.597972645605;1
8035;0;0;0;1;0;2620;3355;17;726.8064247993892;726.8192451609665;1
8043;0;0;0;1;0;5203;1480;5;727.5810603230307;727.5938806846079;1
8044;0;0;0;1;0;12892;2258;79;727.6019348965726;727.6147552581499;1
8045;0;0;0;1;0;2886;602;34;727.6514171477883;727.6642375093655;1
8240;0;0;0;1;0;2471;1053;18;743.0362503283951;743.0490706899724;1
8241;0;0;0;1;0;1567;459;4;743.0723654079795;743.0851857695568;1
8244;0;0;0;1;1;193;1323;2;743.2611298302184;743.2739501917956;1
8247;0;0;0;1;0;1740;447;20;743.5263004697634;743.5391208313407;1
8269;0;0;0;1;0;1029;168;33;744.9713728864912;744.9841932480684;1
8273;0;0;0;1;0;76;683;5;745.0959266166965;745.1087469782738;1
8279;15;10;20;1;1;420;5498;47;745.2870762473638;745.7193992477464;4
8305;0;0;0;1;0;101;915;8;747.1181240189546;747.1308837935231;1
8349;0;0;0;1;0;2694;457;66;749.673321829511;749.6860816040795;1
8360;0;0;0;1;2;1735;4857;592;750.3627068522597;750.3754666268283;1
8371;0;0;0;1;3;1417;11;370;751.059709894694;751.0724696692625;1
8397;0;0;0;1;0;357;374;24;752.6748709174689;752.6874523188754;1
8403;0;0;0;1;0;13175;1700;4;752.899675790463;752.9122571918696;1
8435;0;0;0;1;0;1072;1676;10;755.8886175021998;755.9013772767684;1
8438;0;0;0;1;0;836;1701;12;756.0824518785556;756.0952116531241;1
8444;9;4;8;1;0;4291;375;2;756.5808020199295;762.4603448666641;4
8446;0;0;0;1;0;1441;1946;7;756.6238311898484;756.6365909644169;1
8448;0;0;0;1;0;12869;2239;28;756.7329472444924;756.7457070190609;1
8449;0;0;0;1;0;4677;112;128;756.8109380910709;756.8236978656394;1
8481;0;0;0;1;0;15;446;7;761.0522906753679;761.0650806716901;1
8482;0;0;0;1;0;512;580;2;761.2496196685632;761.2624096648855;1
8485;0;0;0;1;2;8456;1788;32;761.5868402705258;761.5996302668481;1
8486;0;0;0;1;0;204;142;47;761.6531881950565;761.6659781913787;1
8495;0;0;0;1;0;4181;2911;6;762.4821991620337;762.4949891583559;1
8497;0;0;0;1;1;537;1772;1;762.5172773471332;762.5300673434555;1
8500;0;0;0;1;0;1100;373;13;762.6422440334782;762.6550340298004;1
8510;0;0;0;1;0;1575;606;5;763.3179568249063;763.3307468212286;1
8514;0;0;0;1;0;912;1724;15;763.7346568152807;763.7474468116029;1
8515;0;0;0;1;0;1243;180;64;764.0149029863543;764.0276929826765;1
8529;0;0;0;1;2;1736;664;913;765.4572168544148;765.470006850737;1
8534;0;0;0;1;0;1119;21;12;766.1066305785104;766.1193903530789;1
8543;0;0;0;1;0;693;1296;43;766.6897944650765;766.702554239645;1
8546;0;0;0;1;0;5269;1352;3;767.1579673093369;767.1707270839054;1
8547;0;0;0;1;0;1985;609;33;767.1875189646843;767.2002787392528;1
8548;0;0;0;1;0;761;1758;12;767.2355432275143;767.2483030020828;1
8551;0;0;0;1;0;3038;2137;28;767.2940490633663;767.3068088379348;1
8564;11;6;12;1;0;1882;2352;1;768.3722467386006;770.2665697389832;4
8568;0;0;0;1;0;5270;1354;62;768.5623662685093;768.5751260430778;1
8571;0;0;0;1;0;301;515;10;768.7558859602088;768.7686457347774;1
8574;0;0;0;1;0;743;391;8;768.9849686957915;768.99772847036;1
8599;0;0;0;1;0;2550;1991;1;771.4505496339343;771.4633094085028;1
8601;0;0;0;1;1;60;866;9;771.6230430036553;771.6358027782238;1
8605;0;0;0;1;0;29;166;8;771.7655563378968;771.7783161124653;1
8609;0;0;0;1;2;6517;96;180;771.9176613158987;771.9304210904672;1
8610;0;0;0;1;0;1302;517;29;771.9289347922861;771.9416945668546;1
8611;0;0;0;1;1;332;4243;18;771.9657458900557;771.9785056646242;1
8615;0;0;0;1;0;337;2367;14;772.4779219091811;772.4906816837496;1
8622;0;0;0;1;0;1536;1109;5;773.0583758672506;773.0711356418191;1
8627;0;0;0;1;0;1705;319;7;773.2976969025307;773.3104566770992;1
8636;17;12;25;1;0;1706;343;25;774.3577200826913;776.0756367487439;4
8645;0;0;0;1;0;55;591;3;775.1058438072666;775.1186035818351;1
8646;0;0;0;1;0;2520;923;19;775.1759127311848;775.1886725057533;1
8650;0;0;0;1;0;5690;2090;94;775.5444684295172;775.5572282040857;1
8726;0;0;0;1;0;58;428;3;782.6737028720225;782.6864026295381;1
8736;0;0;0;1;0;668;765;1;783.3666172682141;783.3793170257296;1
8739;0;0;0;1;0;3952;3029;1;783.5746113242363;783.5873110817519;1
8743;0;0;0;1;0;3208;6531;16;784.0161353095469;784.0288350670625;1
8745;6;1;3;1;2;3390;1328;14;784.0631914010581;788.5507912167968;4
8756;0;0;0;1;2;161;12901;176;784.741692927119;784.7543926846345;1
8792;6;1;2;1;0;2764;2907;32;788.1850519502603;791.2012912167969;4
8794;6;1;3;1;0;3263;2027;12;788.1969793523855;791.6727912167969;4
8837;0;0;0;1;0;1140;185;1;792.0040456256129;792.0167753209143;1
8890;16;11;23;1;0;3245;1344;28;797.2601337682681;802.3969287111348;4
8914;16;11;23;1;0;4817;1558;18;798.9384788785771;807.2094287111348;4
9012;16;11;23;1;0;1909;1165;8;805.6318279108365;808.8989287111348;4
9296;9;4;9;1;0;3312;1173;26;833.0004516921252;836.3243296690324;4
9298;9;4;8;1;0;701;324;3;833.0581857564703;833.7707941552349;4
9414;6;1;2;1;0;13745;874;28;843.5677440445711;868.9571139000592;4
9422;0;0;0;1;0;1299;84;33;844.0217628521817;844.034552848504;1
9428;0;0;0;1;0;1126;3041;13;844.6377921284188;844.650582124741;1
9481;11;6;12;1;0;3790;1874;15;852.2451410300439;856.0474640304266;4
9555;13;8;17;1;0;3769;10367;19;859.1910851798501;862.971622837223;4
9556;8;3;7;1;3;899;7;400;859.2435348170181;860.1552888492286;4
9587;7;2;5;1;0;1003;3867;30;860.9204415439156;862.4288769141124;4
9649;0;0;0;1;0;1428;286;47;864.8777310350803;864.8908313138417;1
9650;0;0;0;1;0;429;969;120;864.9734650216474;864.9865653004088;1
9660;14;9;19;1;0;8;3643;1;865.6294737819601;873.9652808752563;4
9684;0;0;0;1;0;1107;76;1;867.207911811957;867.2210120907184;1
9725;5;0;1;1;0;9973;304;11;870.8270251118759;884.346613015621;4
9833;10;5;11;1;0;4266;490;10;882.1495087397044;889.4029911173315;4
9852;0;0;0;1;0;3735;7;27;883.7429846894564;883.7558050510337;1
9854;0;0;0;1;0;1616;873;65;883.8322887094536;883.8451090710308;1
9862;0;0;0;1;0;1801;5191;17;884.6853521620211;884.6981725235984;1
9865;0;0;0;1;0;165;286;74;884.7369831015715;884.7498034631487;1
9867;0;0;0;1;0;2528;182;26;884.9836454883476;884.9964658499249;1
9960;7;2;5;1;0;2231;761;3;893.1555368685296;895.6992967888441;4
9986;0;0;0;1;0;464;2485;11;894.5863483454557;894.5990780407571;1
10000;10;5;11;1;0;6681;1003;15;895.6592234006533;908.281381745087;4
10029;5;0;0;1;0;7163;476;3;898.3598416647111;910.864872395555;4
10038;0;0;0;1;2;1539;746;193;898.8058550681124;898.8185548256279;1
10039;0;0;0;1;0;1382;5670;37;898.8603863056871;898.8730860632027;1
10108;0;0;0;1;0;1527;515;1;905.2754038040415;905.288133499343;1
10109;0;0;0;1;0;3586;123;9;905.3276580957968;905.3403877910982;1
10139;0;0;0;1;2;3178;5947;87;907.7263271830676;907.7390568783691;1
10173;0;0;0;1;0;185;2956;14;911.611319633201;911.6240794077695;1
10234;6;1;2;1;3;132;46;434;917.2793103748934;917.6010636063212;4
10249;12;7;15;1;2;3;611;691;918.5943404116297;922.8442928260571;4
10273;13;8;17;1;3;2418;11;820;920.0064773851886;922.43648364513;4
10335;14;9;18;1;0;2791;1183;12;923.5760808469064;926.378823242339;4
10448;0;0;0;1;0;169;1100;7;930.0726196875119;930.085562965761;1
10475;16;11;23;1;3;1577;33;2019;931.9589337212549;934.8162601251377;4
10477;11;6;13;1;0;4009;1105;7;932.0801943637584;936.1001901715024;4
10501;11;6;12;1;0;4026;6705;40;933.9224782674191;937.9601901715024;4
10521;0;0;0;1;0;5154;3149;26;935.7953989456956;935.8080392481091;1
10538;0;0;0;1;0;1245;1913;31;936.8981836433736;936.9108536035887;1
10569;8;3;7;1;0;3137;650;19;941.1974845727722;944.3461561312876;4
10574;10;5;11;1;0;257;422;40;942.2506414036147;942.6487817060282;4
10582;10;5;11;1;0;9545;3777;16;943.0980554346908;959.6094549597399;4
10600;10;5;10;1;0;2746;2104;19;945.1696300756456;950.159664603076;4
10609;10;5;11;1;0;8683;312;10;945.7916817483606;960.3013411075253;4
10630;0;0;0;1;0;1156;376;28;947.5809533273176;947.593564110451;1
10646;0;0;0;1;0;129;72;26;949.1091639069671;949.1217746901004;1
10662;16;11;23;1;0;5476;3591;7;951.3407615724158;958.5155739155217;4
10700;0;0;0;1;0;402;5916;38;954.1061413361684;954.1189011107369;1
10702;0;0;0;1;0;2238;2425;107;954.4542301288042;954.4669899033727;1
10711;0;0;0;1;0;5611;2782;52;955.0450143672178;955.0577741417864;1
10717;0;0;0;1;0;3702;584;20;955.2948897989111;955.3076495734796;1
10773;0;0;0;1;0;5521;18;6;961.6461034128953;961.6588331081967;1
10792;0;0;0;1;0;388;2136;26;963.6562565590447;963.6690163336132;1
10802;16;11;23;1;0;4619;1252;8;964.7882534555464;969.418796671795;4
10812;16;11;22;1;0;587;104;25;965.6304736714123;966.229796671795;4
10917;14;9;19;1;0;9520;1090;10;978.1877659919732;987.7194422945424;4
11042;10;5;11;1;0;1954;2290;27;986.3467402620457;988.3129251918508;4
11270;8;3;7;1;0;7826;2056;12;1008.520085015098;1019.8982723958887;4
11319;8;3;7;1;0;7306;63;42;1013.0149508774922;1026.3842822179492;4
11348;8;3;6;1;0;1986;477;32;1015.2548892622998;1017.2729053766752;4
11401;0;0;0;1;0;1951;856;33;1018.8969148971889;1018.9097352587662;1
11404;0;0;0;1;0;403;1730;94;1019.098644445762;1019.1114648073393;1
11407;0;0;0;1;0;537;2814;31;1019.2820508066653;1019.2949016780236;1
11412;0;0;0;1;0;237;697;24;1019.7683620183585;1019.7812128897168;1
11413;0;0;0;1;0;5906;1083;22;1019.7688235960367;1019.781674467395;1
11414;0;0;0;1;0;43;235;22;1019.8320261989187;1019.844877070277;1
11621;0;0;0;1;3;2271;19;700;1039.0724386943273;1039.0853510229724;1
11624;0;0;0;1;0;2167;2032;23;1039.3280373199257;1039.3409496485708;1
11678;0;0;0;1;0;292;3414;2;1042.7798609912243;1042.7927733198694;1
11755;15;10;20;1;0;3061;4840;5;1047.114738716981;1052.4871930940785;4
12039;13;8;16;1;0;908;194;3;1072.3455723271547;1073.2657563060773;4
12088;0;0;0;1;1;44;494;10;1076.366277246774;1076.3792205250231;1
12093;0;0;0;1;0;138;3331;21;1076.532077032169;1076.545020310418;1
12095;16;11;22;1;0;2764;2394;38;1076.7629923309732;1079.5385332026294;4
12098;0;0;0;1;0;6353;409;5;1076.9155994947387;1076.9285427729878;1
12100;0;0;0;1;0;10774;1177;9;1077.3446675981763;1077.3576108764255;1
12124;8;3;7;1;0;1118;86;5;1079.9031825425286;1081.050254887207;4
12129;8;3;7;1;0;563;1138;101;1080.4957318404222;1081.071254887207;4
12217;18;13;27;1;0;2142;2799;6;1091.3078716114926;1093.4622511128382;4
12324;13;8;16;1;0;13082;1915;11;1100.570810745398;1113.6649659112006;4
12327;13;8;17;1;0;1340;5313;4;1100.7417936391714;1102.09400517088;4
12438;10;5;10;1;3;1177;13;880;1109.4100124585548;1110.5989443807425;4
12498;12;7;15;1;0;2747;1290;17;1114.298383425204;1117.05765043803;4
12596;0;0;0;1;0;1952;667;11;1123.6128135880542;1123.6257259166994;1
12634;15;10;20;1;0;825;2062;39;1127.324605724618;1128.2530904357034;4
12648;0;0;0;1;1;528;4209;6;1128.4864236090448;1128.4995238878062;1
12649;0;0;0;1;0;1387;142;47;1128.5058365029224;1128.5189367816838;1
12656;15;10;20;1;0;3124;491;24;1129.0846608206534;1134.5285113861617;4
12662;0;0;0;1;0;2754;1731;11;1129.8947008026314;1129.9078010813928;1
12665;0;0;0;1;0;4364;1259;88;1130.0439359209422;1130.0570361997036;1
12672;0;0;0;1;1;72;622;8;1130.4992553384589;1130.5123556172202;1
12718;0;0;0;1;2;115;1868;498;1134.2373515268323;1134.250420101525;1
12727;0;0;0;1;0;4656;301;19;1135.345833626225;1135.3589022009176;1
12729;0;0;0;1;0;53;1859;9;1135.4844272070634;1135.497495781756;1
12743;0;0;0;1;0;1155;3056;18;1136.588028966053;1136.6010975407455;1
12748;0;0;0;1;1;63;3086;14;1136.9091263164544;1136.922194891147;1
12750;0;0;0;1;0;1570;807;42;1137.021879254665;1137.0349478293576;1
12765;0;0;0;1;0;2820;1284;19;1137.5618456358136;1137.5749142105062;1
12766;0;0;0;1;0;890;2947;85;1137.660321421338;1137.6733899960307;1
12768;0;0;0;1;0;846;85;29;1137.8160373789483;1137.829105953641;1
12770;0;0;0;1;0;2031;3937;1;1137.866683471403;1137.8797520460955;1
12773;0;0;0;1;0;1809;346;13;1137.9093715510398;1137.9224401257325;1
12795;14;9;18;1;2;8687;4364;84;1140.5542568064334;1149.2526679870552;4
12836;0;0;0;1;0;4042;255;15;1143.9116598029705;1143.924728377663;1
12837;0;0;0;1;0;7736;1325;2;1143.9927343779204;1144.005802952613;1
12842;0;0;0;1;0;1666;1569;21;1144.391370696377;1144.4044392710696;1
12845;0;0;0;1;0;789;1087;9;1144.6747250855854;1144.687793660278;1
12869;0;0;0;1;0;2728;2226;7;1146.8051797163444;1146.818248291037;1
12878;18;13;26;1;0;2734;1105;11;1147.400664232282;1150.14701541853;4
12881;0;0;0;1;0;392;372;10;1147.649655707191;1147.6627242818836;1
12893;0;0;0;1;0;2915;1343;15;1148.7284083745292;1148.7414769492218;1
13065;12;7;15;1;2;7418;585;41;1163.3698165927956;1171.034997879584;4
13103;15;10;21;1;0;16776;214;27;1165.3130460708048;1182.5406922318437;4
13120;0;0;0;1;0;6044;2551;5;1166.1130881521997;1166.126188430961;1
13124;0;0;0;1;0;1497;4487;46;1166.472353596258;1166.4854538750194;1
13304;17;12;24;1;2;11017;6507;92;1183.23529008536;1194.2646130857427;4
13342;0;0;0;1;0;2246;572;19;1186.5306950225417;1186.5437320462495;1
13349;0;0;0;1;0;28;1666;19;1187.394320367422;1187.4073573911298;1
13368;0;0;0;1;0;1975;272;5;1188.884859718147;1188.8978967418548;1
13369;0;0;0;1;0;2392;703;8;1189.044489040176;1189.0575260638836;1
13370;0;0;0;1;0;2867;3355;10;1189.0596546508684;1189.0726916745762;1
13522;0;0;0;1;0;4520;40;74;1201.6073099748721;1201.6203469985799;1
13523;0;0;0;1;0;823;1211;18;1201.6530689303906;1201.6661059540984;1
13525;0;0;0;1;0;2022;989;3;1201.7519671951486;1201.7650042188563;1
13526;0;0;0;1;0;77;884;1;1201.9494718038566;1201.9625088275643;1
13541;0;0;0;1;0;4859;525;11;1203.0688521390603;1203.081889162768;1
13557;0;0;0;1;0;1062;176;46;1204.6871895867444;1204.700226610452;1
13558;0;0;0;1;0;1235;2117;8;1204.853045911294;1204.8660829350017;1
13789;18;13;27;1;0;4901;597;66;1224.4738143121895;1229.387193813535;4
13891;0;0;0;1;2;205;3567;47;1229.958426537549;1229.9714009141253;1
13895;0;0;0;1;0;1086;356;3;1230.2525010685943;1230.2654754451705;1
14016;0;0;0;1;0;2412;3192;19;1242.3996438052116;1242.4126181817878;1
14020;0;0;0;1;0;578;2329;11;1243.0090920668347;1243.0220976915355;1
14024;0;0;0;1;2;2952;683;10;1243.267166898123;1243.2801725228237;1
14042;0;0;0;1;0;6444;1966;43;1245.2747989293646;1245.2878045540654;1
14063;0;0;0;1;0;2684;2485;46;1246.5093973449011;1246.522402969602;1
14065;0;0;0;1;0;1071;1341;30;1246.5936853327505;1246.6066909574513;1
14070;0;0;0;1;0;3635;531;69;1246.9189443635682;1246.931949988269;1
14076;0;0;0;1;0;1656;1039;4;1247.6112761585844;1247.6242817832851;1
14077;0;0;0;1;1;613;134;46;1247.7364133808499;1247.7494190055506;1
14083;0;0;0;1;0;677;773;58;1248.963833018164;1248.9768386428648;1
14085;0;0;0;1;0;1131;1294;28;1249.061326126369;1249.0743317510698;1
14093;0;0;0;1;1;220;6212;23;1250.0272126536456;1250.0402182783464;1
14095;0;0;0;1;2;703;4279;4;1250.3792094156252;1250.392215040326;1
14145;0;0;0;1;0;868;1309;63;1253.8224999005022;1253.835505525203;1
14199;0;0;0;1;0;1465;2409;13;1258.0295571242511;1258.042562748952;1
14214;0;0;0;1;0;361;2000;3;1258.898937689256;1258.9119433139567;1
14243;0;0;0;1;0;1793;760;29;1261.0427880175948;1261.0557936422956;1
14244;0;0;0;1;2;2758;1067;104;1261.321967746032;1261.3349733707328;1
14264;0;0;0;1;0;2261;2370;28;1263.1409547900303;1263.153960414731;1
14266;0;0;0;1;0;319;32;47;1263.4666992871475;1263.4797049118483;1
14294;17;12;25;1;0;1422;478;24;1267.1056532602838;1268.5394473186452;4
14540;0;0;0;1;0;141;85;57;1286.7648828530432;1286.777919876751;1
14597;0;0;0;1;0;2025;3038;3;1291.4255102209122;1291.438515845613;1
14601;0;0;0;1;3;160;87;6656;1291.7229466304636;1291.7359522551644;1
14666;18;13;26;1;0;4744;1238;9;1299.041971832431;1303.8413069981061;4
14669;5;0;1;1;0;6663;1303;30;1300.0114781877057;1309.334652500846;4
14711;0;0;0;1;0;933;2056;3;1305.9258293534022;1305.9382372999683;1
14712;0;0;0;1;0;2477;2738;22;1305.9539625459051;1305.9663704924712;1
14801;0;0;0;1;0;3511;435;10;1313.774581452195;1313.7876184759027;1
14809;0;0;0;1;0;3241;1590;56;1314.5532664279347;1314.5663034516424;1
14811;0;0;0;1;0;2478;25;24;1314.632696289549;1314.6457333132566;1
14816;17;12;24;1;0;1689;3340;10;1314.857658811601;1316.5581068932124;4
14824;0;0;0;1;2;186;879;106;1315.567801086859;1315.5808067115597;1
14901;0;0;0;1;0;59;2535;23;1322.3169514586457;1322.3299570833465;1
14905;13;8;17;1;0;2198;1607;72;1322.807494872298;1325.0177340816908;4
14919;0;0;0;1;0;7317;3224;11;1324.1664355792136;1324.1794412039144;1
14945;10;5;11;1;0;1745;1056;93;1327.2146955079036;1329.4983180703052;4
15273;7;2;5;1;0;2476;28;20;1357.0791224965599;1360.6779396519623;4
15375;7;2;4;1;0;5117;1780;31;1367.7254827861043;1372.854528856237;4
15384;0;0;0;1;0;666;462;5;1368.5370924568956;1368.549822152197;1
15394;7;2;5;1;0;2824;2365;18;1369.4331157373595;1372.269717340771;4
15398;0;0;0;1;0;2611;1137;45;1369.5415661963088;1369.5542958916103;1
15405;7;2;4;1;0;7689;103;20;1370.2540175832555;1377.9547681886415;4
15416;0;0;0;1;2;8455;4266;24;1371.184756010582;1371.1973963129956;1
15435;0;0;0;1;2;431;841;74;1373.0037916274573;1373.0164024105907;1
15469;8;3;6;1;0;723;3234;5;1375.6105005729014;1376.852824883381;4
15488;0;0;0;1;2;5805;4377;188;1377.3230209612957;1377.335631744429;1
15501;0;0;0;1;0;2753;5199;55;1378.177852608613;1378.1904633917463;1
15502;0;0;0;1;0;252;136;8;1378.239867425762;1378.2524782088954;1
15504;0;0;0;1;0;2060;72;62;1378.3935542625904;1378.4061650457238;1
15505;0;0;0;1;0;279;4862;18;1378.6261035638443;1378.6387438662578;1
15625;0;0;0;1;0;6175;980;21;1391.3537403316511;1391.3664102918663;1
15647;0;0;0;1;1;274;188;1;1392.691838579466;1392.7045085396812;1
15690;14;9;18;1;0;3780;1413;9;1396.879278421161;1400.6706481499066;4
15890;0;0;0;1;0;3831;752;14;1410.76794054049;1410.7807914118482;1
15901;9;4;8;1;0;6834;2339;158;1411.584212476637;1423.1552515990481;4
15918;0;0;0;1;0;8324;288;8;1412.2284730285994;1412.2413238999577;1
15919;0;0;0;1;0;6959;2819;21;1412.248768058407;1412.2616189297653;1
15944;11;6;12;1;2;4981;4945;178;1413.7061853550183;1418.699424564411;4
15980;9;4;9;1;0;1771;1142;34;1417.20549065793;1418.988808155608;4
15986;9;4;8;1;0;1688;1487;66;1417.8541973724746;1421.1003482986084;4
16036;0;0;0;1;0;1515;1362;27;1423.1750042699848;1423.188168420614;1
16037;0;0;0;1;0;4237;434;5;1423.2175756631439;1423.230739813773;1
16053;0;0;0;1;0;401;6988;6;1424.2113992488628;1424.224563399492;1
16129;0;0;0;1;0;2643;1022;37;1432.1233983766344;1432.136594697329;1
16161;0;0;0;1;0;951;2737;15;1434.715889288511;1434.728441444785;1
16172;0;0;0;1;0;3848;303;70;1435.9353820685278;1435.9485783892223;1
16176;0;0;0;1;0;232;1284;22;1436.0483828202644;1436.0609349765382;1
16186;0;0;0;1;0;858;848;29;1436.9784209030752;1436.9916172237697;1
16188;0;0;0;1;0;4892;4478;18;1437.1929704694364;1437.206166790131;1
16195;0;0;0;1;0;3483;621;8;1437.4793279283986;1437.492524249093;1
16204;0;0;0;1;0;3059;2366;1;1438.1861107760303;1438.1993070967249;1
16205;0;0;0;1;0;4035;788;32;1438.314156215078;1438.3273525357724;1
16217;10;5;11;1;0;10742;3499;8;1440.2059950842072;1453.5650507512753;4
16229;11;6;12;1;0;4615;336;40;1441.7887306985867;1446.4334148071794;4
16230;13;8;16;1;0;3044;756;1;1442.06110480289;1445.1165705293768;4
16247;11;6;12;1;0;3285;946;2;1443.1170521927313;1446.4134148071794;4
16255;11;6;13;1;0;1000;2905;60;1443.8531477943536;1444.8654148071794;4
16309;0;0;0;1;0;1687;179;5;1450.7022592739636;1450.7153914109947;1
16310;0;0;0;1;0;467;1623;75;1450.7431617872348;1450.756293924266;1
16316;0;0;0;1;0;3987;1269;21;1451.3729541892315;1451.3860863262626;1
16321;8;3;6;1;0;801;3992;22;1451.719001650301;1452.532495722299;4
16349;12;7;14;1;0;4066;2675;18;1454.5910893886517;1458.6687324907891;4
16358;12;7;15;1;0;3477;3000;67;1455.4335700832241;1458.922732490789;4
16381;12;7;14;1;0;5;82;3;1457.3104094904065;1458.6687324907891;4
16474;15;10;21;1;0;3239;3788;41;1464.0550252570822;1467.3054867655874;4
16640;10;5;10;1;0;7439;1209;5;1477.5140067203424;1488.5588043335592;4
16683;0;0;0;1;2;1199;3377;83;1481.5142834033645;1481.5268064501495;1
16693;0;0;0;1;0;704;280;83;1482.6965771359683;1482.7096457106609;1
16694;0;0;0;1;0;1957;8;6;1482.7725665496525;1482.7850895964375;1
16711;0;0;0;1;0;3880;799;22;1484.8195667073965;1484.832635282089;1
16715;0;0;0;1;0;919;2974;14;1485.2218945831548;1485.2349631578475;1
16721;0;0;0;1;0;1664;798;4;1485.6964404245743;1485.709508999267;1
16722;0;0;0;1;0;297;3070;57;1485.8057709930542;1485.8188395677469;1
16808;9;4;8;1;0;2111;2505;36;1493.101133373594;1495.8171989809512;4
16903;0;0;0;1;0;1345;2908;37;1500.8080007451592;1500.82100636986;1
16910;0;0;0;1;0;1198;654;26;1501.3664124943487;1501.3794181190494;1
16912;0;0;0;1;0;4532;28;28;1501.4398141646504;1501.4528197893512;1
16916;0;0;0;1;0;606;920;1;1501.7432850582693;1501.75629068297;1
16917;0;0;0;1;0;6661;1279;121;1501.795638051643;1501.8086436763438;1
16920;0;0;0;1;0;126;1737;14;1502.2605126832877;1502.2735183079885;1
16927;0;0;0;1;0;3255;2698;26;1502.7041363051535;1502.7171733288612;1
16928;0;0;0;1;0;854;795;8;1502.7052572031998;1502.7182942269076;1
16936;0;0;0;1;0;753;263;8;1503.5491901476707;1503.5622271713785;1
16949;13;8;16;1;0;12909;3;95;1505.002085790442;1518.4167622953662;4
16957;0;0;0;1;0;2731;313;22;1506.6737245361978;1506.686667814447;1
16998;5;0;1;1;0;3220;1129;19;1512.3368428521899;1515.8691147341592;4
16999;16;11;22;1;2;1566;7321;419;1512.4009892339227;1513.9788785397948;4
17012;5;0;0;1;0;1071;1126;2;1512.7905812755707;1513.8867183090122;4
17040;15;10;20;1;0;3341;477;34;1515.899859647016;1519.2531545898828;4
17047;13;8;17;1;0;8991;2443;34;1516.4341757622103;1525.4365710011864;4
17048;10;5;10;1;0;1618;1159;57;1516.6959310845928;1518.3254122558021;4
17115;6;1;3;1;3;2103;4;2047;1521.5380020034015;1526.6748514028486;4
17147;16;11;22;1;0;5877;5;1;1523.8510987199709;1529.7397385581803;4
17177;0;0;0;1;0;120;1415;51;1524.9254435448067;1524.9384491695075;1
17182;0;0;0;1;0;4499;1114;14;1525.3193137391766;1525.3322881157528;1
17183;0;0;0;1;0;3698;1587;28;1525.4514820527368;1525.464456429313;1
17199;0;0;0;1;1;8;3651;34;1526.2967717373517;1526.3097773620525;1
17202;0;0;0;1;0;1490;746;85;1526.484316048109;1526.4973216728097;1
17206;0;0;0;1;0;167;165;9;1526.6744196094298;1526.6874252341306;1
17216;0;0;0;1;0;9573;35;3;1527.3627172749434;1527.3757228996442;1
17218;0;0;0;1;0;392;114;1;1527.6248740451767;1527.6378796698775;1
17219;0;0;0;1;0;387;399;52;1527.6882435277778;1527.7012491524786;1
17220;0;0;0;1;0;2915;227;19;1527.9241150874186;1527.9371207121194;1
17222;0;0;0;1;3;457;120;228;1528.0324494428537;1528.0454550675545;1
17260;0;0;0;1;0;277;501;22;1530.2022890266567;1530.2152946513575;1
17270;0;0;0;1;0;1401;8464;70;1530.517500888089;1530.5305065127898;1
17330;6;1;2;1;0;8123;1519;127;1537.7474860462485;1546.4298642019705;4
17361;5;0;1;1;0;3785;603;1;1540.5162177051088;1546.5507862798015;4
17405;5;0;1;1;0;1218;33;23;1543.1604296375135;1545.785738398634;4
17543;7;2;5;1;0;7051;1204;84;1555.9420567925263;1564.3448467888484;4
17612;0;0;0;1;0;4909;225;1;1562.3513342131957;1562.3644344919571;1
17615;0;0;0;1;0;4311;5315;47;1562.7138484883806;1562.726948767142;1
17669;6;1;3;1;0;1524;140;11;1570.5323937345456;1572.0690475063293;4
17688;11;6;12;1;0;3980;389;10;1572.8776044596584;1576.869117026036;4
17694;11;6;13;1;0;2509;2643;56;1573.282379422353;1575.803117026036;4
17708;13;8;16;1;0;6415;1673;18;1574.9241282314651;1581.35055351646;4
17728;0;0;0;1;0;2805;133;1;1576.474557336241;1576.4876894732722;1
17963;0;0;0;1;0;1447;835;21;1591.5560350168494;1591.569231337544;1
17964;0;0;0;1;0;3705;794;65;1591.778358530788;1591.7915548514825;1
18107;0;0;0;1;0;1653;1929;1;1607.4308397037375;1607.444036024432;1
18132;14;9;19;1;0;6004;1392;7;1610.3838276570373;1616.5371520169274;4
18136;0;0;0;1;0;154;563;31;1610.6342259461442;1610.6474222668387;1
18250;0;0;0;1;0;5473;1006;14;1621.5791747336923;1621.5924033820695;1
18256;0;0;0;1;0;700;416;5;1621.9913984873956;1622.0046271357728;1
18257;0;0;0;1;0;1869;447;39;1622.2366433626746;1622.2498720110518;1
18258;0;0;0;1;0;1650;865;16;1622.2514255922067;1622.264654240584;1
18272;0;0;0;1;0;1140;4006;1;1624.0399732429194;1624.0532018912966;1
18296;0;0;0;1;0;1988;2677;6;1626.2768655996545;1626.2900942480317;1
18387;0;0;0;1;3;340;34;692;1635.991071358226;1636.0043324930643;1
18389;0;0;0;1;0;1787;287;84;1636.0615432491384;1636.0748043839767;1
18391;0;0;0;1;0;659;1054;29;1636.080743922747;1636.0940050575853;1
18405;0;0;0;1;3;586;48;2583;1637.1125087969726;1637.125769931811;1
18412;0;0;0;1;0;2291;1246;4;1637.591281556432;1637.6045426912704;1
18424;0;0;0;1;0;2413;4865;52;1638.229760177439;1638.2430213122773;1
18426;0;0;0;1;0;488;751;52;1638.3807591271311;1638.3940202619694;1
18471;10;5;11;1;3;1918;6;3845;1641.3887094703587;1643.3187559242788;4
18496;0;0;0;1;0;1316;1782;21;1642.9155729013346;1642.9285161795838;1
18499;0;0;0;1;3;774;32;1227;1643.1907241199326;1643.2036673981818;1
18505;6;1;3;1;3;1719;5;2626;1644.0398045384347;1649.5867272594915;4
18640;0;0;0;1;0;1789;3826;20;1652.81937739871;1652.8322897273551;1
18641;17;12;25;1;0;4476;3470;38;1653.0499410104626;1657.5374963986858;4
18731;17;12;24;1;0;4026;780;14;1662.8964426264452;1666.933834972497;4
18754;17;12;25;1;0;3319;423;37;1665.0285957631042;1668.3598349724969;4
18780;0;0;0;1;0;65;1678;75;1666.0724301581072;1666.0856912929455;1
18786;0;0;0;1;0;917;820;59;1667.159240450809;1667.1725015856473;1
18787;0;0;0;1;0;364;2594;2;1667.1753341740168;1667.1885953088552;1
18790;0;0;0;1;0;1900;1113;1;1667.3020596649258;1667.315320799764;1
18793;0;0;0;1;0;222;273;99;1667.5345281122163;1667.5477892470547;1
18794;0;0;0;1;0;1339;525;13;1667.5681449145318;1667.5814060493701;1
18810;0;0;0;1;2;455;2723;396;1668.689973752304;1668.7032348871423;1
18813;0;0;0;1;0;3051;864;18;1669.0436749648536;1669.056936099692;1
18815;0;0;0;1;0;1167;398;39;1669.331149940829;1669.3444110756673;1
18820;0;0;0;1;0;3614;1371;6;1669.8114332358707;1669.824694370709;1
18853;0;0;0;1;0;3502;394;7;1672.5058022292365;1672.5190633640748;1
18861;0;0;0;1;0;864;69;113;1672.7721947867549;1672.7854559215932;1
18911;0;0;0;1;0;3031;699;17;1676.4176935690725;1676.430889889767;1
18922;0;0;0;1;0;7592;968;27;1677.2655192086243;1677.2787155293188;1
18924;0;0;0;1;0;2151;1702;3;1677.3608644649748;1677.3740607856694;1
18944;0;0;0;1;0;2105;1563;11;1679.0774758409816;1679.0906721616761;1
18949;0;0;0;1;0;1080;2419;53;1679.880103715639;1679.8933323640163;1
18950;0;0;0;1;0;212;499;25;1679.906709319458;1679.9199379678353;1
18954;0;0;0;1;0;66;189;5;1680.095968691329;1680.1091973397063;1
18955;0;0;0;1;0;2249;1610;36;1680.179466636253;1680.1926952846302;1
18958;0;0;0;1;0;124;4;8;1680.5813157440393;1680.5945443924165;1
18959;0;0;0;1;0;3093;434;9;1680.6111323518835;1680.6243610002607;1
18963;0;0;0;1;0;19;544;8;1680.9611072961843;1680.9743359445615;1
18964;0;0;0;1;0;2921;4151;3;1681.0897701187928;1681.10299876717;1
18968;0;0;0;1;0;1629;4225;17;1681.6286553410066;1681.6418839893838;1
18970;0;0;0;1;0;1653;1348;19;1681.8104423927734;1681.8236710411506;1
18971;0;0;0;1;0;262;3157;1;1681.8195620661636;1681.8327907145408;1
18976;0;0;0;1;0;958;2207;24;1682.3190970969688;1682.332325745346;1
18982;0;0;0;1;0;1104;4169;6;1682.5981882924668;1682.611416940844;1
19179;13;8;17;1;2;6726;807;51;1703.8569101750836;1710.6410311732961;4
19253;12;7;15;1;0;3872;657;45;1708.2171594433082;1712.100594863351;4
19260;0;0;0;1;0;3743;2640;10;1708.6199993772723;1708.6332605121106;1
19274;6;1;2;1;3;874;31;1801;1709.8774335568849;1711.3407082264123;4
19281;0;0;0;1;0;5063;4936;46;1710.2158342360678;1710.2290953709062;1
19305;0;0;0;1;2;2532;8484;180;1711.7103957055224;1711.7236894867729;1
19309;0;0;0;1;0;85;1120;9;1711.9105428669602;1711.9238366482107;1
19312;0;0;0;1;0;3057;171;36;1712.104403864713;1712.1176976459635;1
19319;0;0;0;1;0;1579;4093;20;1712.5117233190304;1712.5250171002808;1
19320;0;0;0;1;0;6302;312;11;1712.5869573112607;1712.6002510925111;1
19323;0;0;0;1;0;258;483;55;1712.6514686541905;1712.664762435441;1
19377;0;0;0;1;0;80;1733;14;1718.1128164164202;1718.1261101976706;1
19383;0;0;0;1;0;194;1884;89;1718.6914644030057;1718.7047581842562;1
19384;0;0;0;1;0;431;504;93;1718.7524051164648;1718.7656988977153;1
19406;0;0;0;1;0;6784;679;14;1721.383368235603;1721.3966620168535;1
19407;0;0;0;1;0;1425;1157;16;1721.630284938595;1721.6435787198454;1
19415;0;0;0;1;0;233;1005;30;1722.1537849095146;1722.167078690765;1
19417;0;0;0;1;0;947;2753;21;1722.4153844022715;1722.428678183522;1
19462;16;11;23;1;0;3772;364;3;1726.7395344352888;1730.5239423818548;4
19509;16;11;22;1;0;559;227;52;1731.4654130916927;1732.0359423818547;4
19563;10;5;11;1;0;990;75;9;1735.9682666754732;1736.970703198282;4
19564;0;0;0;1;0;2890;3462;22;1736.215228787459;1736.2284899222973;1
19572;0;0;0;1;0;132;3786;32;1736.7659442652314;1736.7792054000697;1
19577;0;0;0;1;0;2897;817;26;1736.9784297092328;1736.9916908440712;1
19582;0;0;0;1;0;309;390;12;1737.6854806137733;1737.6987417486116;1
19583;0;0;0;1;0;1296;410;19;1737.7338338751892;1737.7470950100276;1
19650;0;0;0;1;0;862;336;10;1743.9407307440083;1743.9540245252588;1
19655;0;0;0;1;2;36;770;336;1744.4700953236425;1744.483389104893;1
19667;0;0;0;1;0;1644;176;8;1745.8266359060017;1745.8399296872522;1
19669;0;0;0;1;0;2448;1335;9;1746.0087270834988;1746.0220208647493;1
19687;0;0;0;1;0;1644;978;46;1748.3032166145529;1748.3165103958033;1
19688;0;0;0;1;0;921;3111;34;1748.3593700009292;1748.3726637821796;1
19698;0;0;0;1;0;1099;1187;33;1749.6339320481654;1749.647225829416;1
19700;0;0;0;1;0;1575;832;38;1750.729565675359;1750.7428594566095;1
19704;0;0;0;1;0;860;2985;18;1751.1730851617162;1751.1863789429667;1
19709;0;0;0;1;0;2736;672;40;1751.4975008871784;1751.5107620220167;1
19866;10;5;11;1;0;524;307;36;1762.6499957868236;1763.1864037333896;4
19917;16;11;22;1;0;1819;458;58;1765.0982304967172;1766.9295534970997;4
19938;0;0;0;1;0;201;1148;15;1766.12437423603;1766.1373175142792;1
19949;0;0;0;1;0;4719;3864;73;1767.0620840904483;1767.0750273686974;1
20108;13;8;17;1;0;4589;1663;19;1781.3650384754374;1786.5439250566935;4
20126;13;8;16;1;0;6314;180;15;1782.983901217511;1789.3093384045665;4
20189;8;3;6;1;0;7229;4337;2;1788.556281893878;1795.7970853370934;4
20234;0;0;0;1;0;2131;111;12;1792.4598995527745;1792.4732591114512;1
20235;0;0;0;1;0;1566;957;15;1792.471749301467;1792.4851088601438;1
20238;0;0;0;1;0;348;2821;7;1792.5061207995518;1792.5194803582285;1
20239;0;0;0;1;0;9676;456;14;1792.517657234959;1792.5310167936357;1
20260;0;0;0;1;0;947;2831;50;1793.6877475978313;1793.7005984691896;1
20264;0;0;0;1;0;672;2348;34;1793.9404450074658;1793.953295878824;1
20271;0;0;0;1;0;2269;353;18;1794.457181953744;1794.4700328251024;1
20296;0;0;0;1;0;4226;373;69;1796.167994882833;1796.1813544415097;1
20313;0;0;0;1;0;235;2521;7;1797.5423798161048;1797.5557393747815;1
20319;0;0;0;1;0;14200;1546;27;1797.8100005419026;1797.8233601005793;1
20322;0;0;0;1;0;1554;2294;9;1798.192782508264;1798.2061420669406;1
20324;0;0;0;1;0;1977;2219;26;1798.43662225533;1798.4499818140066;1
20327;0;0;0;1;0;920;1817;2;1798.9183191404763;1798.931678699153;1
