#auto generated file!
180.0;214;395;391
186.0;211;395;394
192.0;211;399;390
198.0;209;404;387
204.0;207;408;385
210.0;207;408;385
216.0;208;410;382
222.0;209;407;384
228.0;209;410;381
234.0;209;405;386
240.0;209;408;383
246.0;213;415;372
252.0;213;411;376
258.0;214;411;375
264.0;218;416;366
270.0;219;418;363
276.0;220;415;365
282.0;221;414;365
288.0;222;412;366
294.0;225;410;365
300.0;229;411;360
306.0;228;405;367
312.0;229;408;363
318.0;229;409;362
324.0;239;404;357
330.0;242;403;355
336.0;244;403;353
342.0;244;401;355
348.0;247;403;350
354.0;241;403;356
360.0;242;411;347
366.0;246;411;343
372.0;248;407;345
378.0;252;405;343
384.0;254;408;338
390.0;255;411;334
396.0;253;413;334
402.0;256;409;335
408.0;259;410;331
414.0;261;410;329
420.0;263;412;325
426.0;264;414;322
432.0;261;415;324
438.0;263;416;321
444.0;266;419;315
450.0;267;424;309
456.0;266;421;313
462.0;267;421;312
468.0;265;421;314
474.0;264;416;320
480.0;263;418;319
486.0;262;421;317
492.0;264;423;313
498.0;265;424;311
504.0;266;421;313
510.0;267;422;311
516.0;274;417;309
522.0;274;420;306
528.0;279;417;304
534.0;279;420;301
540.0;280;422;298
546.0;280;422;298
552.0;279;422;299
558.0;279;422;299
564.0;276;422;302
570.0;277;420;303
576.0;276;421;303
582.0;279;416;305
588.0;279;417;304
594.0;279;417;304
600.0;281;424;295
606.0;279;426;295
612.0;280;425;295
618.0;280;423;297
624.0;280;425;295
630.0;282;421;297
636.0;281;418;301
642.0;282;416;302
648.0;283;412;305
654.0;282;413;305
660.0;278;412;310
666.0;280;415;305
672.0;284;414;302
678.0;282;413;305
684.0;280;415;305
690.0;286;417;297
696.0;284;418;298
702.0;278;420;302
708.0;278;423;299
714.0;277;424;299
720.0;279;420;301
726.0;279;422;299
732.0;278;416;306
738.0;283;412;305
744.0;285;411;304
750.0;284;410;306
756.0;286;407;307
762.0;287;409;304
768.0;288;406;306
774.0;284;406;310
780.0;288;401;311
786.0;288;401;311
792.0;290;395;315
798.0;291;397;312
804.0;293;399;308
810.0;296;395;309
816.0;297;394;309
822.0;300;391;309
828.0;298;393;309
834.0;296;396;308
840.0;298;388;314
846.0;300;388;312
852.0;300;389;311
858.0;300;392;308
864.0;304;389;307
870.0;298;389;313
876.0;296;388;316
882.0;294;390;316
888.0;291;390;319
894.0;293;391;316
900.0;289;392;319
906.0;294;395;311
912.0;294;388;318
918.0;290;389;321
924.0;288;389;323
930.0;286;391;323
936.0;285;391;324
942.0;286;395;319
948.0;289;392;319
954.0;291;393;316
960.0;294;393;313
966.0;291;398;311
972.0;296;394;310
978.0;293;393;314
984.0;292;398;310
990.0;289;401;310
996.0;286;399;315
1002.0;287;401;312
1008.0;285;403;312
1014.0;283;397;320
1020.0;284;394;322
1026.0;284;394;322
1032.0;283;393;324
1038.0;285;386;329
1044.0;285;389;326
1050.0;287;383;330
1056.0;285;386;329
1062.0;286;386;328
1068.0;288;387;325
1074.0;290;387;323
1080.0;292;380;328
1086.0;291;380;329
1092.0;292;386;322
1098.0;288;384;328
1104.0;285;392;323
1110.0;283;390;327
1116.0;288;385;327
1122.0;294;381;325
1128.0;295;377;328
1134.0;297;383;320
1140.0;297;387;316
1146.0;298;386;316
1152.0;296;388;316
1158.0;301;387;312
1164.0;303;383;314
1170.0;306;387;307
1176.0;302;390;308
1182.0;300;389;311
1188.0;297;397;306
1194.0;298;386;316
1200.0;294;392;314
1206.0;292;391;317
1212.0;290;390;320
1218.0;289;389;322
1224.0;287;390;323
1230.0;289;391;320
1236.0;288;395;317
1242.0;289;393;318
1248.0;285;390;325
1254.0;288;387;325
1260.0;294;386;320
1266.0;296;388;316
1272.0;292;391;317
1278.0;287;392;321
1284.0;289;394;317
1290.0;290;394;316
1296.0;286;395;319
1302.0;288;396;316
1308.0;285;394;321
1314.0;282;391;327
1320.0;286;390;324
1326.0;287;395;318
1332.0;286;398;316
1338.0;287;392;321
1344.0;285;396;319
1350.0;292;396;312
1356.0;292;393;315
1362.0;292;394;314
1368.0;290;395;315
1374.0;287;392;321
1380.0;290;390;320
1386.0;289;390;321
1392.0;289;391;320
1398.0;288;384;328
1404.0;290;383;327
1410.0;287;385;328
1416.0;284;385;331
1422.0;281;387;332
1428.0;282;385;333
1434.0;281;383;336
1440.0;284;383;333
1446.0;286;382;332
1452.0;282;387;331
1458.0;276;384;340
1464.0;281;384;335
1470.0;280;385;335
1476.0;280;377;343
1482.0;283;376;341
1488.0;282;378;340
1494.0;281;373;346
1500.0;281;371;348
1506.0;285;374;341
1512.0;287;377;336
1518.0;285;373;342
1524.0;286;368;346
1530.0;289;366;345
1536.0;292;366;342
1542.0;294;365;341
1548.0;302;363;335
1554.0;302;362;336
1560.0;303;363;334
1566.0;302;364;334
1572.0;296;366;338
1578.0;295;371;334
1584.0;300;369;331
1590.0;297;372;331
1596.0;299;366;335
1602.0;300;362;338
1608.0;298;359;343
1614.0;297;359;344
1620.0;299;356;345
1626.0;301;356;343
1632.0;298;356;346
1638.0;300;357;343
1644.0;298;356;346
1650.0;300;351;349
1656.0;300;353;347
1662.0;301;360;339
1668.0;298;363;339
1674.0;299;363;338
1680.0;297;368;335
1686.0;300;368;332
1692.0;301;365;334
1698.0;299;365;336
1704.0;298;366;336
1710.0;300;369;331
1716.0;298;371;331
1722.0;303;364;333
1728.0;303;363;334
1734.0;301;366;333
1740.0;303;367;330
1746.0;305;371;324
1752.0;302;377;321
1758.0;300;376;324
1764.0;303;373;324
1770.0;307;374;319
1776.0;308;372;320
1782.0;306;377;317
1788.0;305;378;317
1794.0;304;375;321
